<hr/>
<p>Open File</p>
<meta charset="UTF-8"><p>Time is 2024-05-20 10:51:19</p>
0 = PUSH and 4
1 = 1 and 1
2 = POP and 3
3 = RAX and 3
4 = PUSH and 4
5 = 1 and 1
6 = POP and 3
7 = RBX and 3
8 = :1 and 2
9 = PUSH and 4
10 = 5 and 1
11 = PUSH and 4
12 = RBX and 3
13 = JB and 2
14 = :2 and 2
15 = PUSH and 4
16 = RAX and 3
17 = PUSH and 4
18 = RBX and 3
19 = MUL and 3
20 = POP and 3
21 = RAX and 3
22 = PUSH and 4
23 = RBX and 3
24 = PUSH and 4
25 = 1 and 1
26 = ADD and 3
27 = POP and 3
28 = RBX and 3
29 = JMP and 3
30 = :1 and 2
31 = :2 and 2
32 = PUSH and 4
33 = 0 and 1
34 = POP and 3
35 = RCX and 3
36 = :3 and 2
37 = PUSH and 4
38 = 10000000 and 8
39 = PUSH and 4
40 = RCX and 3
41 = JB and 2
42 = :4 and 2
43 = PUSH and 4
44 = RCX and 3
45 = PUSH and 4
46 = 1 and 1
47 = ADD and 3
48 = POP and 3
49 = RCX and 3
50 = JMP and 3
51 = :3 and 2
52 = :4 and 2
53 = OUT and 3
54 = HLT and 3
МАССИВ КОМАНД
0 - 1
1 - 1
2 - 43
3 - 1
4 - 1
5 - 1
6 - 43
7 - 2
8 - 1
9 - 5
10 - 33
11 - 2
12 - 25
13 - 30
14 - 33
15 - 1
16 - 33
17 - 2
18 - 4
19 - 43
20 - 1
21 - 33
22 - 2
23 - 1
24 - 1
25 - 3
26 - 43
27 - 2
28 - 22
29 - 8
30 - 1
31 - 0
32 - 43
33 - 3
34 - 1
35 - 10000000
36 - 33
37 - 3
38 - 25
39 - 49
40 - 33
41 - 3
42 - 1
43 - 1
44 - 3
45 - 43
46 - 3
47 - 22
48 - 34
49 - 10
50 - -1

<p>Close File</p>
<hr/>
